<?xml version="1.0" encoding="UTF-8"?>
<testsuite xmlns:xsi="http://www.w3.org/2001/XMLSchema-instance" xsi:noNamespaceSchemaLocation="https://maven.apache.org/surefire/maven-surefire-plugin/xsd/surefire-test-report.xsd" name="org.slizaa.server.backend.ServerBackendStateMachineTest" time="7.806" tests="1" errors="0" skipped="0" failures="0">
  <properties>
    <property name="sun.desktop" value="windows"/>
    <property name="awt.toolkit" value="sun.awt.windows.WToolkit"/>
    <property name="file.encoding.pkg" value="sun.io"/>
    <property name="java.specification.version" value="1.8"/>
    <property name="sun.cpu.isalist" value="amd64"/>
    <property name="sun.jnu.encoding" value="Cp1252"/>
    <property name="java.class.path" value="D:\50-Development\repositories\slizaa\slizaa-application\org.slizaa.server.backend\target\test-classes;D:\50-Development\repositories\slizaa\slizaa-application\org.slizaa.server.backend\target\classes;C:\Users\wuetherich\.m2\repository\org\springframework\spring-context\5.0.7.RELEASE\spring-context-5.0.7.RELEASE.jar;C:\Users\wuetherich\.m2\repository\org\springframework\spring-aop\5.0.7.RELEASE\spring-aop-5.0.7.RELEASE.jar;C:\Users\wuetherich\.m2\repository\org\springframework\spring-beans\5.0.7.RELEASE\spring-beans-5.0.7.RELEASE.jar;C:\Users\wuetherich\.m2\repository\org\springframework\spring-core\5.0.7.RELEASE\spring-core-5.0.7.RELEASE.jar;C:\Users\wuetherich\.m2\repository\org\springframework\spring-jcl\5.0.7.RELEASE\spring-jcl-5.0.7.RELEASE.jar;C:\Users\wuetherich\.m2\repository\org\springframework\spring-expression\5.0.7.RELEASE\spring-expression-5.0.7.RELEASE.jar;C:\Users\wuetherich\.m2\repository\com\google\guava\guava\21.0\guava-21.0.jar;C:\Users\wuetherich\.m2\repository\org\springframework\statemachine\spring-statemachine-core\2.0.2.RELEASE\spring-statemachine-core-2.0.2.RELEASE.jar;C:\Users\wuetherich\.m2\repository\org\springframework\spring-tx\5.0.7.RELEASE\spring-tx-5.0.7.RELEASE.jar;C:\Users\wuetherich\.m2\repository\org\springframework\spring-messaging\5.0.7.RELEASE\spring-messaging-5.0.7.RELEASE.jar;C:\Users\wuetherich\.m2\repository\org\slizaa\core\org.slizaa.core.mvnresolver.uber\1.0.0-SNAPSHOT\org.slizaa.core.mvnresolver.uber-1.0.0-SNAPSHOT.jar;C:\Users\wuetherich\.m2\repository\org\slizaa\scanner\org.slizaa.scanner.spi-api\1.0.0-SNAPSHOT\org.slizaa.scanner.spi-api-1.0.0-SNAPSHOT.jar;C:\Users\wuetherich\.m2\repository\org\eclipse\platform\org.eclipse.equinox.common\3.9.0\org.eclipse.equinox.common-3.9.0.jar;C:\Users\wuetherich\.m2\repository\org\eclipse\platform\org.eclipse.osgi\3.12.0\org.eclipse.osgi-3.12.0.jar;C:\Users\wuetherich\.m2\repository\org\slizaa\scanner\org.slizaa.scanner.cypherregistry\1.0.0-SNAPSHOT\org.slizaa.scanner.cypherregistry-1.0.0-SNAPSHOT.jar;C:\Users\wuetherich\.m2\repository\org\osgi\osgi.core\5.0.0\osgi.core-5.0.0.jar;C:\Users\wuetherich\.m2\repository\io\github\classgraph\classgraph\4.1.7\classgraph-4.1.7.jar;C:\Users\wuetherich\.m2\repository\org\slizaa\hierarchicalgraph\graphdb\org.slizaa.hierarchicalgraph.graphdb.mapping.spi\1.0.0-SNAPSHOT\org.slizaa.hierarchicalgraph.graphdb.mapping.spi-1.0.0-SNAPSHOT.jar;C:\Users\wuetherich\.m2\repository\org\slizaa\hierarchicalgraph\graphdb\org.slizaa.hierarchicalgraph.graphdb.model\1.0.0-SNAPSHOT\org.slizaa.hierarchicalgraph.graphdb.model-1.0.0-SNAPSHOT.jar;C:\Users\wuetherich\.m2\repository\org\slizaa\core\org.slizaa.core.boltclient\1.0.0-SNAPSHOT\org.slizaa.core.boltclient-1.0.0-SNAPSHOT.jar;C:\Users\wuetherich\.m2\repository\org\neo4j\driver\neo4j-java-driver\1.6.1\neo4j-java-driver-1.6.1.jar;C:\Users\wuetherich\.m2\repository\com\google\code\gson\gson\2.8.5\gson-2.8.5.jar;C:\Users\wuetherich\.m2\repository\org\osgi\org.osgi.service.component.annotations\1.3.0\org.osgi.service.component.annotations-1.3.0.jar;C:\Users\wuetherich\.m2\repository\org\eclipse\emf\org.eclipse.emf.common\2.12.0\org.eclipse.emf.common-2.12.0.jar;C:\Users\wuetherich\.m2\repository\org\eclipse\emf\org.eclipse.emf.ecore\2.12.0\org.eclipse.emf.ecore-2.12.0.jar;C:\Users\wuetherich\.m2\repository\org\eclipse\emf\org.eclipse.emf.edit\2.12.0\org.eclipse.emf.edit-2.12.0.jar;C:\Users\wuetherich\.m2\repository\org\eclipse\platform\org.eclipse.core.runtime\3.12.0\org.eclipse.core.runtime-3.12.0.jar;C:\Users\wuetherich\.m2\repository\org\eclipse\platform\org.eclipse.core.jobs\3.10.100\org.eclipse.core.jobs-3.10.100.jar;C:\Users\wuetherich\.m2\repository\org\eclipse\platform\org.eclipse.equinox.registry\3.8.100\org.eclipse.equinox.registry-3.8.100.jar;C:\Users\wuetherich\.m2\repository\org\eclipse\platform\org.eclipse.equinox.preferences\3.7.200\org.eclipse.equinox.preferences-3.7.200.jar;C:\Users\wuetherich\.m2\repository\org\eclipse\platform\org.eclipse.core.contenttype\3.7.100\org.eclipse.core.contenttype-3.7.100.jar;C:\Users\wuetherich\.m2\repository\org\eclipse\platform\org.eclipse.equinox.app\1.3.600\org.eclipse.equinox.app-1.3.600.jar;C:\Users\wuetherich\.m2\repository\org\slizaa\hierarchicalgraph\core\org.slizaa.hierarchicalgraph.core.model\1.0.0-SNAPSHOT\org.slizaa.hierarchicalgraph.core.model-1.0.0-SNAPSHOT.jar;C:\Users\wuetherich\.m2\repository\org\springframework\boot\spring-boot-starter-test\2.0.3.RELEASE\spring-boot-starter-test-2.0.3.RELEASE.jar;C:\Users\wuetherich\.m2\repository\org\springframework\boot\spring-boot-starter\2.0.3.RELEASE\spring-boot-starter-2.0.3.RELEASE.jar;C:\Users\wuetherich\.m2\repository\org\springframework\boot\spring-boot\2.0.3.RELEASE\spring-boot-2.0.3.RELEASE.jar;C:\Users\wuetherich\.m2\repository\org\springframework\boot\spring-boot-autoconfigure\2.0.3.RELEASE\spring-boot-autoconfigure-2.0.3.RELEASE.jar;C:\Users\wuetherich\.m2\repository\org\springframework\boot\spring-boot-starter-logging\2.0.3.RELEASE\spring-boot-starter-logging-2.0.3.RELEASE.jar;C:\Users\wuetherich\.m2\repository\ch\qos\logback\logback-classic\1.2.3\logback-classic-1.2.3.jar;C:\Users\wuetherich\.m2\repository\ch\qos\logback\logback-core\1.2.3\logback-core-1.2.3.jar;C:\Users\wuetherich\.m2\repository\org\apache\logging\log4j\log4j-to-slf4j\2.10.0\log4j-to-slf4j-2.10.0.jar;C:\Users\wuetherich\.m2\repository\org\apache\logging\log4j\log4j-api\2.10.0\log4j-api-2.10.0.jar;C:\Users\wuetherich\.m2\repository\org\slf4j\jul-to-slf4j\1.7.25\jul-to-slf4j-1.7.25.jar;C:\Users\wuetherich\.m2\repository\javax\annotation\javax.annotation-api\1.3.2\javax.annotation-api-1.3.2.jar;C:\Users\wuetherich\.m2\repository\org\yaml\snakeyaml\1.19\snakeyaml-1.19.jar;C:\Users\wuetherich\.m2\repository\org\springframework\boot\spring-boot-test\2.0.3.RELEASE\spring-boot-test-2.0.3.RELEASE.jar;C:\Users\wuetherich\.m2\repository\org\springframework\boot\spring-boot-test-autoconfigure\2.0.3.RELEASE\spring-boot-test-autoconfigure-2.0.3.RELEASE.jar;C:\Users\wuetherich\.m2\repository\junit\junit\4.12\junit-4.12.jar;C:\Users\wuetherich\.m2\repository\org\assertj\assertj-core\3.9.1\assertj-core-3.9.1.jar;C:\Users\wuetherich\.m2\repository\org\mockito\mockito-core\2.15.0\mockito-core-2.15.0.jar;C:\Users\wuetherich\.m2\repository\net\bytebuddy\byte-buddy\1.7.11\byte-buddy-1.7.11.jar;C:\Users\wuetherich\.m2\repository\net\bytebuddy\byte-buddy-agent\1.7.11\byte-buddy-agent-1.7.11.jar;C:\Users\wuetherich\.m2\repository\org\objenesis\objenesis\2.6\objenesis-2.6.jar;C:\Users\wuetherich\.m2\repository\org\hamcrest\hamcrest-core\1.3\hamcrest-core-1.3.jar;C:\Users\wuetherich\.m2\repository\org\hamcrest\hamcrest-library\1.3\hamcrest-library-1.3.jar;C:\Users\wuetherich\.m2\repository\org\skyscreamer\jsonassert\1.5.0\jsonassert-1.5.0.jar;C:\Users\wuetherich\.m2\repository\com\vaadin\external\google\android-json\0.0.20131108.vaadin1\android-json-0.0.20131108.vaadin1.jar;C:\Users\wuetherich\.m2\repository\org\springframework\spring-test\5.0.7.RELEASE\spring-test-5.0.7.RELEASE.jar;C:\Users\wuetherich\.m2\repository\org\xmlunit\xmlunit-core\2.5.1\xmlunit-core-2.5.1.jar;C:\Users\wuetherich\.m2\repository\com\jayway\jsonpath\json-path\2.4.0\json-path-2.4.0.jar;C:\Users\wuetherich\.m2\repository\net\minidev\json-smart\2.3\json-smart-2.3.jar;C:\Users\wuetherich\.m2\repository\net\minidev\accessors-smart\1.2\accessors-smart-1.2.jar;C:\Users\wuetherich\.m2\repository\org\ow2\asm\asm\5.0.4\asm-5.0.4.jar;C:\Users\wuetherich\.m2\repository\org\slf4j\slf4j-api\1.7.25\slf4j-api-1.7.25.jar;"/>
    <property name="java.vm.vendor" value="Oracle Corporation"/>
    <property name="sun.arch.data.model" value="64"/>
    <property name="user.variant" value=""/>
    <property name="java.vendor.url" value="http://java.oracle.com/"/>
    <property name="user.timezone" value=""/>
    <property name="java.vm.specification.version" value="1.8"/>
    <property name="os.name" value="Windows 10"/>
    <property name="user.country" value="DE"/>
    <property name="sun.java.launcher" value="SUN_STANDARD"/>
    <property name="sun.boot.library.path" value="C:\Program Files\Java\jdk1.8.0_77\jre\bin"/>
    <property name="sun.java.command" value="C:\Users\WUETHE~1\AppData\Local\Temp\surefire3982579159431343365\surefirebooter9216430374218476199.jar C:\Users\wuetherich\AppData\Local\Temp\surefire3982579159431343365 2018-10-03T22-28-31_699-jvmRun1 surefire9013384563155865784tmp surefire_03015710352828806798tmp"/>
    <property name="surefire.test.class.path" value="D:\50-Development\repositories\slizaa\slizaa-application\org.slizaa.server.backend\target\test-classes;D:\50-Development\repositories\slizaa\slizaa-application\org.slizaa.server.backend\target\classes;C:\Users\wuetherich\.m2\repository\org\springframework\spring-context\5.0.7.RELEASE\spring-context-5.0.7.RELEASE.jar;C:\Users\wuetherich\.m2\repository\org\springframework\spring-aop\5.0.7.RELEASE\spring-aop-5.0.7.RELEASE.jar;C:\Users\wuetherich\.m2\repository\org\springframework\spring-beans\5.0.7.RELEASE\spring-beans-5.0.7.RELEASE.jar;C:\Users\wuetherich\.m2\repository\org\springframework\spring-core\5.0.7.RELEASE\spring-core-5.0.7.RELEASE.jar;C:\Users\wuetherich\.m2\repository\org\springframework\spring-jcl\5.0.7.RELEASE\spring-jcl-5.0.7.RELEASE.jar;C:\Users\wuetherich\.m2\repository\org\springframework\spring-expression\5.0.7.RELEASE\spring-expression-5.0.7.RELEASE.jar;C:\Users\wuetherich\.m2\repository\com\google\guava\guava\21.0\guava-21.0.jar;C:\Users\wuetherich\.m2\repository\org\springframework\statemachine\spring-statemachine-core\2.0.2.RELEASE\spring-statemachine-core-2.0.2.RELEASE.jar;C:\Users\wuetherich\.m2\repository\org\springframework\spring-tx\5.0.7.RELEASE\spring-tx-5.0.7.RELEASE.jar;C:\Users\wuetherich\.m2\repository\org\springframework\spring-messaging\5.0.7.RELEASE\spring-messaging-5.0.7.RELEASE.jar;C:\Users\wuetherich\.m2\repository\org\slizaa\core\org.slizaa.core.mvnresolver.uber\1.0.0-SNAPSHOT\org.slizaa.core.mvnresolver.uber-1.0.0-SNAPSHOT.jar;C:\Users\wuetherich\.m2\repository\org\slizaa\scanner\org.slizaa.scanner.spi-api\1.0.0-SNAPSHOT\org.slizaa.scanner.spi-api-1.0.0-SNAPSHOT.jar;C:\Users\wuetherich\.m2\repository\org\eclipse\platform\org.eclipse.equinox.common\3.9.0\org.eclipse.equinox.common-3.9.0.jar;C:\Users\wuetherich\.m2\repository\org\eclipse\platform\org.eclipse.osgi\3.12.0\org.eclipse.osgi-3.12.0.jar;C:\Users\wuetherich\.m2\repository\org\slizaa\scanner\org.slizaa.scanner.cypherregistry\1.0.0-SNAPSHOT\org.slizaa.scanner.cypherregistry-1.0.0-SNAPSHOT.jar;C:\Users\wuetherich\.m2\repository\org\osgi\osgi.core\5.0.0\osgi.core-5.0.0.jar;C:\Users\wuetherich\.m2\repository\io\github\classgraph\classgraph\4.1.7\classgraph-4.1.7.jar;C:\Users\wuetherich\.m2\repository\org\slizaa\hierarchicalgraph\graphdb\org.slizaa.hierarchicalgraph.graphdb.mapping.spi\1.0.0-SNAPSHOT\org.slizaa.hierarchicalgraph.graphdb.mapping.spi-1.0.0-SNAPSHOT.jar;C:\Users\wuetherich\.m2\repository\org\slizaa\hierarchicalgraph\graphdb\org.slizaa.hierarchicalgraph.graphdb.model\1.0.0-SNAPSHOT\org.slizaa.hierarchicalgraph.graphdb.model-1.0.0-SNAPSHOT.jar;C:\Users\wuetherich\.m2\repository\org\slizaa\core\org.slizaa.core.boltclient\1.0.0-SNAPSHOT\org.slizaa.core.boltclient-1.0.0-SNAPSHOT.jar;C:\Users\wuetherich\.m2\repository\org\neo4j\driver\neo4j-java-driver\1.6.1\neo4j-java-driver-1.6.1.jar;C:\Users\wuetherich\.m2\repository\com\google\code\gson\gson\2.8.5\gson-2.8.5.jar;C:\Users\wuetherich\.m2\repository\org\osgi\org.osgi.service.component.annotations\1.3.0\org.osgi.service.component.annotations-1.3.0.jar;C:\Users\wuetherich\.m2\repository\org\eclipse\emf\org.eclipse.emf.common\2.12.0\org.eclipse.emf.common-2.12.0.jar;C:\Users\wuetherich\.m2\repository\org\eclipse\emf\org.eclipse.emf.ecore\2.12.0\org.eclipse.emf.ecore-2.12.0.jar;C:\Users\wuetherich\.m2\repository\org\eclipse\emf\org.eclipse.emf.edit\2.12.0\org.eclipse.emf.edit-2.12.0.jar;C:\Users\wuetherich\.m2\repository\org\eclipse\platform\org.eclipse.core.runtime\3.12.0\org.eclipse.core.runtime-3.12.0.jar;C:\Users\wuetherich\.m2\repository\org\eclipse\platform\org.eclipse.core.jobs\3.10.100\org.eclipse.core.jobs-3.10.100.jar;C:\Users\wuetherich\.m2\repository\org\eclipse\platform\org.eclipse.equinox.registry\3.8.100\org.eclipse.equinox.registry-3.8.100.jar;C:\Users\wuetherich\.m2\repository\org\eclipse\platform\org.eclipse.equinox.preferences\3.7.200\org.eclipse.equinox.preferences-3.7.200.jar;C:\Users\wuetherich\.m2\repository\org\eclipse\platform\org.eclipse.core.contenttype\3.7.100\org.eclipse.core.contenttype-3.7.100.jar;C:\Users\wuetherich\.m2\repository\org\eclipse\platform\org.eclipse.equinox.app\1.3.600\org.eclipse.equinox.app-1.3.600.jar;C:\Users\wuetherich\.m2\repository\org\slizaa\hierarchicalgraph\core\org.slizaa.hierarchicalgraph.core.model\1.0.0-SNAPSHOT\org.slizaa.hierarchicalgraph.core.model-1.0.0-SNAPSHOT.jar;C:\Users\wuetherich\.m2\repository\org\springframework\boot\spring-boot-starter-test\2.0.3.RELEASE\spring-boot-starter-test-2.0.3.RELEASE.jar;C:\Users\wuetherich\.m2\repository\org\springframework\boot\spring-boot-starter\2.0.3.RELEASE\spring-boot-starter-2.0.3.RELEASE.jar;C:\Users\wuetherich\.m2\repository\org\springframework\boot\spring-boot\2.0.3.RELEASE\spring-boot-2.0.3.RELEASE.jar;C:\Users\wuetherich\.m2\repository\org\springframework\boot\spring-boot-autoconfigure\2.0.3.RELEASE\spring-boot-autoconfigure-2.0.3.RELEASE.jar;C:\Users\wuetherich\.m2\repository\org\springframework\boot\spring-boot-starter-logging\2.0.3.RELEASE\spring-boot-starter-logging-2.0.3.RELEASE.jar;C:\Users\wuetherich\.m2\repository\ch\qos\logback\logback-classic\1.2.3\logback-classic-1.2.3.jar;C:\Users\wuetherich\.m2\repository\ch\qos\logback\logback-core\1.2.3\logback-core-1.2.3.jar;C:\Users\wuetherich\.m2\repository\org\apache\logging\log4j\log4j-to-slf4j\2.10.0\log4j-to-slf4j-2.10.0.jar;C:\Users\wuetherich\.m2\repository\org\apache\logging\log4j\log4j-api\2.10.0\log4j-api-2.10.0.jar;C:\Users\wuetherich\.m2\repository\org\slf4j\jul-to-slf4j\1.7.25\jul-to-slf4j-1.7.25.jar;C:\Users\wuetherich\.m2\repository\javax\annotation\javax.annotation-api\1.3.2\javax.annotation-api-1.3.2.jar;C:\Users\wuetherich\.m2\repository\org\yaml\snakeyaml\1.19\snakeyaml-1.19.jar;C:\Users\wuetherich\.m2\repository\org\springframework\boot\spring-boot-test\2.0.3.RELEASE\spring-boot-test-2.0.3.RELEASE.jar;C:\Users\wuetherich\.m2\repository\org\springframework\boot\spring-boot-test-autoconfigure\2.0.3.RELEASE\spring-boot-test-autoconfigure-2.0.3.RELEASE.jar;C:\Users\wuetherich\.m2\repository\junit\junit\4.12\junit-4.12.jar;C:\Users\wuetherich\.m2\repository\org\assertj\assertj-core\3.9.1\assertj-core-3.9.1.jar;C:\Users\wuetherich\.m2\repository\org\mockito\mockito-core\2.15.0\mockito-core-2.15.0.jar;C:\Users\wuetherich\.m2\repository\net\bytebuddy\byte-buddy\1.7.11\byte-buddy-1.7.11.jar;C:\Users\wuetherich\.m2\repository\net\bytebuddy\byte-buddy-agent\1.7.11\byte-buddy-agent-1.7.11.jar;C:\Users\wuetherich\.m2\repository\org\objenesis\objenesis\2.6\objenesis-2.6.jar;C:\Users\wuetherich\.m2\repository\org\hamcrest\hamcrest-core\1.3\hamcrest-core-1.3.jar;C:\Users\wuetherich\.m2\repository\org\hamcrest\hamcrest-library\1.3\hamcrest-library-1.3.jar;C:\Users\wuetherich\.m2\repository\org\skyscreamer\jsonassert\1.5.0\jsonassert-1.5.0.jar;C:\Users\wuetherich\.m2\repository\com\vaadin\external\google\android-json\0.0.20131108.vaadin1\android-json-0.0.20131108.vaadin1.jar;C:\Users\wuetherich\.m2\repository\org\springframework\spring-test\5.0.7.RELEASE\spring-test-5.0.7.RELEASE.jar;C:\Users\wuetherich\.m2\repository\org\xmlunit\xmlunit-core\2.5.1\xmlunit-core-2.5.1.jar;C:\Users\wuetherich\.m2\repository\com\jayway\jsonpath\json-path\2.4.0\json-path-2.4.0.jar;C:\Users\wuetherich\.m2\repository\net\minidev\json-smart\2.3\json-smart-2.3.jar;C:\Users\wuetherich\.m2\repository\net\minidev\accessors-smart\1.2\accessors-smart-1.2.jar;C:\Users\wuetherich\.m2\repository\org\ow2\asm\asm\5.0.4\asm-5.0.4.jar;C:\Users\wuetherich\.m2\repository\org\slf4j\slf4j-api\1.7.25\slf4j-api-1.7.25.jar;"/>
    <property name="sun.cpu.endian" value="little"/>
    <property name="user.home" value="C:\Users\wuetherich"/>
    <property name="user.language" value="de"/>
    <property name="java.specification.vendor" value="Oracle Corporation"/>
    <property name="java.home" value="C:\Program Files\Java\jdk1.8.0_77\jre"/>
    <property name="basedir" value="D:\50-Development\repositories\slizaa\slizaa-application\org.slizaa.server.backend"/>
    <property name="file.separator" value="\"/>
    <property name="line.separator" value="&#10;"/>
    <property name="java.vm.specification.vendor" value="Oracle Corporation"/>
    <property name="java.specification.name" value="Java Platform API Specification"/>
    <property name="java.awt.graphicsenv" value="sun.awt.Win32GraphicsEnvironment"/>
    <property name="surefire.real.class.path" value="C:\Users\WUETHE~1\AppData\Local\Temp\surefire3982579159431343365\surefirebooter9216430374218476199.jar"/>
    <property name="sun.boot.class.path" value="C:\Program Files\Java\jdk1.8.0_77\jre\lib\resources.jar;C:\Program Files\Java\jdk1.8.0_77\jre\lib\rt.jar;C:\Program Files\Java\jdk1.8.0_77\jre\lib\sunrsasign.jar;C:\Program Files\Java\jdk1.8.0_77\jre\lib\jsse.jar;C:\Program Files\Java\jdk1.8.0_77\jre\lib\jce.jar;C:\Program Files\Java\jdk1.8.0_77\jre\lib\charsets.jar;C:\Program Files\Java\jdk1.8.0_77\jre\lib\jfr.jar;C:\Program Files\Java\jdk1.8.0_77\jre\classes"/>
    <property name="user.script" value=""/>
    <property name="sun.management.compiler" value="HotSpot 64-Bit Tiered Compilers"/>
    <property name="java.runtime.version" value="1.8.0_77-b03"/>
    <property name="user.name" value="wuetherich"/>
    <property name="path.separator" value=";"/>
    <property name="os.version" value="10.0"/>
    <property name="java.endorsed.dirs" value="C:\Program Files\Java\jdk1.8.0_77\jre\lib\endorsed"/>
    <property name="java.runtime.name" value="Java(TM) SE Runtime Environment"/>
    <property name="file.encoding" value="Cp1252"/>
    <property name="java.vm.name" value="Java HotSpot(TM) 64-Bit Server VM"/>
    <property name="localRepository" value="C:\Users\wuetherich\.m2\repository"/>
    <property name="java.vendor.url.bug" value="http://bugreport.sun.com/bugreport/"/>
    <property name="java.io.tmpdir" value="C:\Users\WUETHE~1\AppData\Local\Temp\"/>
    <property name="idea.version" value="2018.2.4"/>
    <property name="java.version" value="1.8.0_77"/>
    <property name="user.dir" value="D:\50-Development\repositories\slizaa\slizaa-application\org.slizaa.server.backend"/>
    <property name="os.arch" value="amd64"/>
    <property name="java.vm.specification.name" value="Java Virtual Machine Specification"/>
    <property name="java.awt.printerjob" value="sun.awt.windows.WPrinterJob"/>
    <property name="sun.os.patch.level" value=""/>
    <property name="java.library.path" value="C:\Program Files\Java\jdk1.8.0_77\jre\bin;C:\WINDOWS\Sun\Java\bin;C:\WINDOWS\system32;C:\WINDOWS;C:\Program Files\Docker\Docker\Resources\bin;C:\Program Files (x86)\Intel\iCLS Client;C:\Program Files (x86)\Common Files\Intel\Shared Libraries\redist\ia32\compiler;C:\Program Files (x86)\Common Files\Intel\Shared Libraries\redist\intel64\compiler;C:\Program Files (x86)\Business Objects\Common\3.5\bin\NOTES;C:\Program Files (x86)\Business Objects\Common\3.5\bin\NOTES\DATA;C:\ProgramData\Oracle\Java\javapath;C:\Program Files\Intel\iCLS Client;C:\WINDOWS\system32;C:\WINDOWS;C:\WINDOWS\System32\Wbem;C:\WINDOWS\System32\WindowsPowerShell\v1.0;C:\Program Files\Lenovo\Touch Fingerprint Software;C:\Program Files (x86)\Common Files\Lenovo;C:\ProgramData\Lenovo\ReadyApps;C:\Program Files (x86)\Common Files\lenovo\easyplussdk\bin;C:\Program Files\OpenVPN\bin;C:\Program Files (x86)\PuTTY;C:\Program Files (x86)\PDFtk\bin;C:\Program Files\IDM Computer Solutions\UltraEdit;C:\ProgramData\chocolatey\bin;C:\Program Files (x86)\IVI Foundation\VISA\WinNT\Bin;C:\Program Files (x86)\EaseUS\Todo Backup\bin;C:\Program Files (x86)\Intel\Intel(R) Management Engine Components\DAL;C:\Program Files\Intel\Intel(R) Management Engine Components\DAL;C:\Program Files (x86)\Intel\Intel(R) Management Engine Components\IPT;C:\Program Files\Intel\Intel(R) Management Engine Components\IPT;C:\Program Files\TortoiseGit\bin;C:\Program Files\Intel\WiFi\bin;C:\Program Files\Common Files\Intel\WirelessCommon;C:\Program Files (x86)\Yarn\bin;C:\Program Files (x86)\Windows Kits\8.1\Windows Performance Toolkit;C:\WINDOWS\System32\OpenSSH;C:\Program Files\nodejs;C:\Program Files\Microsoft VS Code\bin;C:\Program Files\Git\cmd;D:\50-Development\software\apache-maven-3.5.4\bin;C:\Users\wuetherich\.windows-build-tools\python27\;C:\Users\wuetherich\AppData\Roaming\npm\node_modules\npm\node_modules\npm-lifecycle\node-gyp-bin;C:\Users\wuetherich\AppData\Roaming\npm\node_modules\windows-build-tools\node_modules\.bin;C:\Users\wuetherich\AppData\Roaming\npm\node_modules\.bin;C:\Program Files\Docker\Docker\Resources\bin;C:\Program Files (x86)\Intel\iCLS Client\;C:\Program Files (x86)\Common Files\Intel\Shared Libraries\redist\ia32\compiler;C:\Program Files (x86)\Common Files\Intel\Shared Libraries\redist\intel64\compiler;C:\Program Files (x86)\Business Objects\Common\3.5\bin\NOTES\;C:\Program Files (x86)\Business Objects\Common\3.5\bin\NOTES\DATA\;C:\ProgramData\Oracle\Java\javapath;C:\Program Files\Intel\iCLS Client\;C:\WINDOWS\system32;C:\WINDOWS;C:\WINDOWS\System32\Wbem;C:\WINDOWS\System32\WindowsPowerShell\v1.0\;C:\Program Files\Lenovo\Touch Fingerprint Software\;C:\Program Files (x86)\Common Files\Lenovo;C:\ProgramData\Lenovo\ReadyApps;C:\Program Files (x86)\Common Files\lenovo\easyplussdk\bin;C:\Program Files\OpenVPN\bin;C:\Program Files (x86)\PuTTY\;C:\Program Files (x86)\PDFtk\bin\;C:\Program Files\IDM Computer Solutions\UltraEdit;C:\Program Files (x86)\Workshare\Modules\;C:\ProgramData\chocolatey\bin;C:\Program Files (x86)\IVI Foundation\VISA\WinNT\Bin;C:\Program Files (x86)\EaseUS\Todo Backup\bin;C:\Program Files (x86)\HashiCorp\Vagrant\bin;C:\Program Files (x86)\Intel\Intel(R) Management Engine Components\DAL;C:\Program Files\Intel\Intel(R) Management Engine Components\DAL;C:\Program Files (x86)\Intel\Intel(R) Management Engine Components\IPT;C:\Program Files\Intel\Intel(R) Management Engine Components\IPT;C:\Program Files\TortoiseGit\bin;C:\Program Files\nodejs\;C:\Program Files\Git\cmd;C:\Program Files\Intel\WiFi\bin\;C:\Program Files\Common Files\Intel\WirelessCommon\;C:\Program Files (x86)\Yarn\bin\;C:\Program Files\Hugo;C:\Users\wuetherich\AppData\Local\Microsoft\WindowsApps;C:\Program Files\Microsoft VS Code\bin;C:\Users\wuetherich\AppData\Local\Yarn\bin;C:\Users\wuetherich\AppData\Local\Microsoft\WindowsApps;C:\Users\wuetherich\AppData\Roaming\npm;."/>
    <property name="java.vm.info" value="mixed mode"/>
    <property name="java.vendor" value="Oracle Corporation"/>
    <property name="java.vm.version" value="25.77-b03"/>
    <property name="java.ext.dirs" value="C:\Program Files\Java\jdk1.8.0_77\jre\lib\ext;C:\WINDOWS\Sun\Java\lib\ext"/>
    <property name="sun.io.unicode.encoding" value="UnicodeLittle"/>
    <property name="java.class.version" value="52.0"/>
  </properties>
  <testcase name="testTest" classname="org.slizaa.server.backend.ServerBackendStateMachineTest" time="0.343"/>
</testsuite>